[debug] [2023-07-14T12:23:33.651Z] ----------------------------------------------------------------------
[debug] [2023-07-14T12:23:33.653Z] Command:       /usr/local/bin/firebase /Users/mac/.cache/firebase/tools/lib/node_modules/firebase-tools/lib/bin/firebase deploy
[debug] [2023-07-14T12:23:33.653Z] CLI Version:   11.25.1
[debug] [2023-07-14T12:23:33.653Z] Platform:      darwin
[debug] [2023-07-14T12:23:33.654Z] Node Version:  v16.16.0
[debug] [2023-07-14T12:23:33.662Z] Time:          Fri Jul 14 2023 17:23:33 GMT+0500 (Pakistan Standard Time)
[debug] [2023-07-14T12:23:33.662Z] ----------------------------------------------------------------------
[debug] 
[debug] [2023-07-14T12:23:33.666Z] >>> [apiv2][query] GET https://firebase-public.firebaseio.com/cli.json [none]
[debug] [2023-07-14T12:23:33.749Z] > command requires scopes: ["email","openid","https://www.googleapis.com/auth/cloudplatformprojects.readonly","https://www.googleapis.com/auth/firebase","https://www.googleapis.com/auth/cloud-platform"]
[debug] [2023-07-14T12:23:33.750Z] > authorizing via signed-in user (annasahmed1609@gmail.com)
[debug] [2023-07-14T12:23:33.750Z] [iam] checking project appsnade for permissions ["firebase.projects.get","firebasehosting.sites.update"]
[debug] [2023-07-14T12:23:33.751Z] > refreshing access token with scopes: []
[debug] [2023-07-14T12:23:33.752Z] >>> [apiv2][query] POST https://www.googleapis.com/oauth2/v3/token [none]
[debug] [2023-07-14T12:23:33.752Z] >>> [apiv2][body] POST https://www.googleapis.com/oauth2/v3/token [omitted]
[debug] [2023-07-14T12:23:34.092Z] <<< [apiv2][status] POST https://www.googleapis.com/oauth2/v3/token 200
[debug] [2023-07-14T12:23:34.093Z] <<< [apiv2][body] POST https://www.googleapis.com/oauth2/v3/token [omitted]
[debug] [2023-07-14T12:23:34.109Z] >>> [apiv2][query] POST https://cloudresourcemanager.googleapis.com/v1/projects/appsnade:testIamPermissions [none]
[debug] [2023-07-14T12:23:34.109Z] >>> [apiv2][(partial)header] POST https://cloudresourcemanager.googleapis.com/v1/projects/appsnade:testIamPermissions x-goog-quota-user=projects/appsnade
[debug] [2023-07-14T12:23:34.109Z] >>> [apiv2][body] POST https://cloudresourcemanager.googleapis.com/v1/projects/appsnade:testIamPermissions {"permissions":["firebase.projects.get","firebasehosting.sites.update"]}
[debug] [2023-07-14T12:23:34.303Z] <<< [apiv2][status] GET https://firebase-public.firebaseio.com/cli.json 200
[debug] [2023-07-14T12:23:34.304Z] <<< [apiv2][body] GET https://firebase-public.firebaseio.com/cli.json {"cloudBuildErrorAfter":1594252800000,"cloudBuildWarnAfter":1590019200000,"defaultNode10After":1594252800000,"minVersion":"3.0.5","node8DeploysDisabledAfter":1613390400000,"node8RuntimeDisabledAfter":1615809600000,"node8WarnAfter":1600128000000}
[debug] [2023-07-14T12:23:35.734Z] <<< [apiv2][status] POST https://cloudresourcemanager.googleapis.com/v1/projects/appsnade:testIamPermissions 200
[debug] [2023-07-14T12:23:35.734Z] <<< [apiv2][body] POST https://cloudresourcemanager.googleapis.com/v1/projects/appsnade:testIamPermissions {}
[debug] [2023-07-14T12:23:35.734Z] [iam] error while checking permissions, command may fail: FirebaseError: Authorization failed. This account is missing the following required permissions on project appsnade:

  firebase.projects.get
  firebasehosting.sites.update
[debug] [2023-07-14T12:23:35.736Z] >>> [apiv2][query] GET https://firebase.googleapis.com/v1beta1/projects/appsnade [none]
[debug] [2023-07-14T12:23:36.336Z] <<< [apiv2][status] GET https://firebase.googleapis.com/v1beta1/projects/appsnade 403
[debug] [2023-07-14T12:23:36.336Z] <<< [apiv2][body] GET https://firebase.googleapis.com/v1beta1/projects/appsnade {"error":{"code":403,"message":"The caller does not have permission","status":"PERMISSION_DENIED"}}
[debug] [2023-07-14T12:23:36.338Z] HTTP Error: 403, The caller does not have permission
[debug] [2023-07-14T12:23:36.650Z] FirebaseError: HTTP Error: 403, The caller does not have permission
    at responseToError (/Users/mac/.cache/firebase/tools/lib/node_modules/firebase-tools/lib/responseToError.js:49:12)
    at RetryOperation._fn (/Users/mac/.cache/firebase/tools/lib/node_modules/firebase-tools/lib/apiv2.js:288:77)
    at processTicksAndRejections (node:internal/process/task_queues:96:5)
[error] 
[error] Error: Failed to get Firebase project appsnade. Please make sure the project exists and your account has permission to access it.
